android-videostreamdecodingsample/app/build/outputs/mapping/debug/mapping.txt
# compiler: R8
# compiler_version: 3.1.66
# min_api: 24
# pg_map_id: a6f99b5
# common_typos_disable
# {"id":"com.android.tools.r8.mapping","version":"1.0"}
com.dji.videostreamdecodingsample.BuildConfig -> com.dji.videostreamdecodingsample.BuildConfig:
    7:7:void <clinit>() -> <clinit>
    6:6:void <init>() -> <init>
com.dji.videostreamdecodingsample.ConnectionActivity -> com.dji.videostreamdecodingsample.ConnectionActivity:
    53:54:void <clinit>() -> <clinit>
    51:82:void <init>() -> <init>
    51:51:void access$000(com.dji.videostreamdecodingsample.ConnectionActivity) -> access$000
    51:51:void access$100(com.dji.videostreamdecodingsample.ConnectionActivity) -> access$100
    51:51:java.lang.String access$200() -> access$200
    51:51:java.util.concurrent.atomic.AtomicBoolean access$300(com.dji.videostreamdecodingsample.ConnectionActivity) -> access$300
    51:51:void access$400(com.dji.videostreamdecodingsample.ConnectionActivity) -> access$400
    51:51:void access$500(com.dji.videostreamdecodingsample.ConnectionActivity) -> access$500
    51:51:android.widget.EditText access$600(com.dji.videostreamdecodingsample.ConnectionActivity) -> access$600
    51:51:android.widget.Button access$700(com.dji.videostreamdecodingsample.ConnectionActivity) -> access$700
    51:51:android.widget.TextView access$800(com.dji.videostreamdecodingsample.ConnectionActivity) -> access$800
    98:112:void checkAndRequestPermissions() -> checkAndRequestPermissions
    274:319:void initUI() -> initUI
    197:210:void loginDJIUserAccount() -> loginDJIUserAccount
    213:220:void notifyStatusChange() -> notifyStatusChange
    375:388:void onClick(android.view.View) -> onClick
    250:254:void onCreate(android.os.Bundle) -> onCreate
    265:270:void onDestroy() -> onDestroy
com.dji.videostreamdecodingsample.ConnectionActivity$1 -> com.dji.videostreamdecodingsample.ConnectionActivity$1:
    74:74:void <init>(com.dji.videostreamdecodingsample.ConnectionActivity) -> <init>
    77:78:void onValueChange(java.lang.Object,java.lang.Object) -> onValueChange
com.dji.videostreamdecodingsample.ConnectionActivity$2 -> com.dji.videostreamdecodingsample.ConnectionActivity$2:
    116:116:void <init>(com.dji.videostreamdecodingsample.ConnectionActivity) -> <init>
    119:190:void run() -> run
com.dji.videostreamdecodingsample.ConnectionActivity$2$1 -> com.dji.videostreamdecodingsample.ConnectionActivity$2$1:
    119:119:void <init>(com.dji.videostreamdecodingsample.ConnectionActivity$2) -> <init>
    165:178:void onComponentChange(dji.sdk.base.BaseProduct$ComponentKey,dji.sdk.base.BaseComponent,dji.sdk.base.BaseComponent) -> onComponentChange
    188:188:void onDatabaseDownloadProgress(long,long) -> onDatabaseDownloadProgress
    183:183:void onInitProcess(dji.sdk.sdkmanager.DJISDKInitEvent,int) -> onInitProcess
    155:159:void onProductChanged(dji.sdk.base.BaseProduct) -> onProductChanged
    146:151:void onProductConnect(dji.sdk.base.BaseProduct) -> onProductConnect
    141:143:void onProductDisconnect() -> onProductDisconnect
    122:137:void onRegister(dji.common.error.DJIError) -> onRegister
com.dji.videostreamdecodingsample.ConnectionActivity$2$1$1 -> com.dji.videostreamdecodingsample.ConnectionActivity$2$1$1:
    126:126:void <init>(com.dji.videostreamdecodingsample.ConnectionActivity$2$1) -> <init>
    129:130:void run() -> run
com.dji.videostreamdecodingsample.ConnectionActivity$2$1$2 -> com.dji.videostreamdecodingsample.ConnectionActivity$2$1$2:
    169:169:void <init>(com.dji.videostreamdecodingsample.ConnectionActivity$2$1) -> <init>
    172:174:void onConnectivityChange(boolean) -> onConnectivityChange
com.dji.videostreamdecodingsample.ConnectionActivity$3 -> com.dji.videostreamdecodingsample.ConnectionActivity$3:
    198:198:void <init>(com.dji.videostreamdecodingsample.ConnectionActivity) -> <init>
    206:207:void onFailure(dji.common.error.DJIError) -> onFailure
    198:198:void onSuccess(java.lang.Object) -> onSuccess
    201:202:void onSuccess(dji.common.useraccount.UserAccountState) -> onSuccess
...
androidx.constraintlayout.motion.widget.TimeCycleSplineSet$TranslationXset -> androidx.constraintlayout.motion.widget.TimeCycleSplineSet$TranslationXset:
    289:289:void <init>() -> <init>
    292:293:boolean setProperty(android.view.View,float,long,androidx.constraintlayout.motion.widget.KeyCache) -> setProperty
androidx.constraintlayout.motion.widget.TimeCycleSplineSet$TranslationYset -> androidx.constraintlayout.motion.widget.TimeCycleSplineSet$TranslationYset:
    297:297:void <init>() -> <init>
    300:301:boolean setProperty(android.view.View,float,long,androidx.constraintlayout.motion.widget.KeyCache) -> setProperty
androidx.constraintlayout.motion.widget.TimeCycleSplineSet$TranslationZset -> androidx.constraintlayout.motion.widget.TimeCycleSplineSet$TranslationZset:
    305:305:void <init>() -> <init>
    308:311:boolean setProperty(android.view.View,float,long,androidx.constraintlayout.motion.widget.KeyCache) -> setProperty
androidx.constraintlayout.motion.widget.TouchResponse -> androidx.constraintlayout.motion.widget.TouchResponse:
    59:68:void <clinit>() -> <clinit>
    45:104:void <init>(android.content.Context,androidx.constraintlayout.motion.widget.MotionLayout,org.xmlpull.v1.XmlPullParser) -> <init>
    536:536:float dot(float,float) -> dot
    130:164:void fill(android.content.res.TypedArray) -> fill
    124:127:void fillFromAttributeList(android.content.Context,android.util.AttributeSet) -> fillFromAttributeList
    441:441:int getAnchorId() -> getAnchorId
    548:548:int getFlags() -> getFlags
    522:530:android.graphics.RectF getLimitBoundsTo(android.view.ViewGroup,android.graphics.RectF) -> getLimitBoundsTo
    533:533:int getLimitBoundsToId() -> getLimitBoundsToId
    476:476:float getMaxAcceleration() -> getMaxAcceleration
    486:486:float getMaxVelocity() -> getMaxVelocity
    490:490:boolean getMoveWhenScrollAtTop() -> getMoveWhenScrollAtTop
    327:341:float getProgressDirection(float,float) -> getProgressDirection
    501:509:android.graphics.RectF getTouchRegion(android.view.ViewGroup,android.graphics.RectF) -> getTouchRegion
    512:512:int getTouchRegionId() -> getTouchRegionId
    183:313:void processTouchEvent(android.view.MotionEvent,androidx.constraintlayout.motion.widget.MotionLayout$MotionTracker,int,androidx.constraintlayout.motion.widget.MotionScene) -> processTouchEvent
    366:397:void scrollMove(float,float) -> scrollMove
androidx.constraintlayout.motion.widget.TouchResponse$1 -> androidx.constraintlayout.motion.widget.TouchResponse$1:
    410:410:void <init>(androidx.constraintlayout.motion.widget.TouchResponse) -> <init>
    413:413:boolean onTouch(android.view.View,android.view.MotionEvent) -> onTouch
androidx.constraintlayout.motion.widget.TouchResponse$2 -> androidx.constraintlayout.motion.widget.TouchResponse$2:
    416:416:void <init>(androidx.constraintlayout.motion.widget.TouchResponse) -> <init>
    421:421:void onScrollChange(androidx.core.widget.NestedScrollView,int,int,int,int) -> onScrollChange
androidx.constraintlayout.motion.widget.TransitionAdapter -> androidx.constraintlayout.motion.widget.TransitionAdapter:
    3:3:void <init>() -> <init>
    12:12:void onTransitionChange(androidx.constraintlayout.motion.widget.MotionLayout,int,int,float) -> onTransitionChange
    17:17:void onTransitionCompleted(androidx.constraintlayout.motion.widget.MotionLayout,int) -> onTransitionCompleted
    7:7:void onTransitionStarted(androidx.constraintlayout.motion.widget.MotionLayout,int,int) -> onTransitionStarted
    22:22:void onTransitionTrigger(androidx.constraintlayout.motion.widget.MotionLayout,int,boolean,float) -> onTransitionTrigger