android-videostreamdecodingsample/app/build/outputs/mapping/debug/usage.txt
org.jboss.netty.handler.codec.http.HttpRequest
org.jboss.netty.handler.codec.http.HttpRequestDecoder
org.jboss.netty.handler.codec.http.HttpRequestEncoder
org.jboss.netty.handler.codec.http.HttpResponse
org.jboss.netty.handler.codec.http.HttpResponseDecoder
org.jboss.netty.handler.codec.http.HttpResponseEncoder
org.jboss.netty.handler.codec.http.HttpResponseStatus
org.jboss.netty.handler.codec.http.HttpServerCodec
org.jboss.netty.handler.codec.http.HttpVersion
org.jboss.netty.handler.codec.http.QueryStringDecoder
org.jboss.netty.handler.codec.http.QueryStringEncoder$Param
org.jboss.netty.handler.codec.http.QueryStringEncoder
org.jboss.netty.handler.codec.http.multipart.AbstractDiskHttpData
org.jboss.netty.handler.codec.http.multipart.AbstractHttpData
org.jboss.netty.handler.codec.http.multipart.AbstractMemoryHttpData
org.jboss.netty.handler.codec.http.multipart.Attribute
org.jboss.netty.handler.codec.http.multipart.DefaultHttpDataFactory
org.jboss.netty.handler.codec.http.multipart.DiskAttribute
org.jboss.netty.handler.codec.http.multipart.DiskFileUpload
org.jboss.netty.handler.codec.http.multipart.FileUpload
org.jboss.netty.handler.codec.http.multipart.HttpData
org.jboss.netty.handler.codec.http.multipart.HttpDataFactory
org.jboss.netty.handler.codec.http.multipart.HttpPostBodyUtil$SeekAheadNoBackArrayException
org.jboss.netty.handler.codec.http.multipart.HttpPostBodyUtil$SeekAheadOptimize
org.jboss.netty.handler.codec.http.multipart.HttpPostBodyUtil$TransferEncodingMechanism
org.jboss.netty.handler.codec.http.multipart.HttpPostBodyUtil
org.jboss.netty.handler.codec.http.multipart.HttpPostRequestDecoder$1
org.jboss.netty.handler.codec.http.multipart.HttpPostRequestDecoder$EndOfDataDecoderException
org.jboss.netty.handler.codec.http.multipart.HttpPostRequestDecoder$ErrorDataDecoderException
org.jboss.netty.handler.codec.http.multipart.HttpPostRequestDecoder$IncompatibleDataDecoderException
org.jboss.netty.handler.codec.http.multipart.HttpPostRequestDecoder$MultiPartStatus
org.jboss.netty.handler.codec.http.multipart.HttpPostRequestDecoder$NotEnoughDataDecoderException
org.jboss.netty.handler.codec.http.multipart.HttpPostRequestDecoder
org.jboss.netty.handler.codec.http.multipart.HttpPostRequestEncoder$ErrorDataEncoderException
org.jboss.netty.handler.codec.http.multipart.HttpPostRequestEncoder
org.jboss.netty.handler.codec.http.multipart.InterfaceHttpData$HttpDataType
org.jboss.netty.handler.codec.http.multipart.InterfaceHttpData
org.jboss.netty.handler.codec.http.multipart.InternalAttribute
org.jboss.netty.handler.codec.http.multipart.MemoryAttribute
org.jboss.netty.handler.codec.http.multipart.MemoryFileUpload
org.jboss.netty.handler.codec.http.multipart.MixedAttribute
org.jboss.netty.handler.codec.http.multipart.MixedFileUpload
org.jboss.netty.handler.codec.http.websocket.DefaultWebSocketFrame
org.jboss.netty.handler.codec.http.websocket.WebSocketFrame
org.jboss.netty.handler.codec.http.websocket.WebSocketFrameDecoder
org.jboss.netty.handler.codec.http.websocket.WebSocketFrameEncoder
org.jboss.netty.handler.codec.http.websocketx.BinaryWebSocketFrame
org.jboss.netty.handler.codec.http.websocketx.CloseWebSocketFrame
org.jboss.netty.handler.codec.http.websocketx.ContinuationWebSocketFrame
org.jboss.netty.handler.codec.http.websocketx.PingWebSocketFrame
org.jboss.netty.handler.codec.http.websocketx.PongWebSocketFrame
org.jboss.netty.handler.codec.http.websocketx.TextWebSocketFrame
org.jboss.netty.handler.codec.http.websocketx.UTF8Exception
org.jboss.netty.handler.codec.http.websocketx.UTF8Output
org.jboss.netty.handler.codec.http.websocketx.WebSocket00FrameDecoder
org.jboss.netty.handler.codec.http.websocketx.WebSocket00FrameEncoder
org.jboss.netty.handler.codec.http.websocketx.WebSocket08FrameDecoder$1
org.jboss.netty.handler.codec.http.websocketx.WebSocket08FrameDecoder$State
org.jboss.netty.handler.codec.http.websocketx.WebSocket08FrameDecoder
org.jboss.netty.handler.codec.http.websocketx.WebSocket08FrameEncoder